[22-Apr-2025 23:53:23 UTC] PHP Warning:  Undefined array key "host" in /workspaces/finalexamux221/.wordpress/wp-includes/pluggable.php on line 1640
[23-Apr-2025 00:11:00 UTC] PHP Warning:  Undefined variable $parent_theme_name in /workspaces/finalexamux221/.wordpress/wp-content/mu-plugins/one-click-child-theme/templates/create_child_form.php on line 18
[23-Apr-2025 00:13:15 UTC] PHP Fatal error:  Out of memory (allocated 37748736) (tried to allocate 2097152 bytes) in /workspaces/finalexamux221/.wordpress/wp-content/plugins/ecommerce-product-catalog/templates/themes/theme-classic-list.php on line 22
[23-Apr-2025 00:13:15 UTC] PHP Fatal error:  Uncaught Error: Call to undefined function ic_products_count() in /workspaces/finalexamux221/.wordpress/wp-content/plugins/ecommerce-product-catalog/includes/tracking.php:117
Stack trace:
#0 /workspaces/finalexamux221/.wordpress/wp-content/plugins/ecommerce-product-catalog/includes/tracking.php(551): IC_EPC_Tracking->setup_data()
#1 /workspaces/finalexamux221/.wordpress/wp-content/plugins/ecommerce-product-catalog/includes/tracking.php(481): IC_EPC_Tracking->send_paused_checkin(Array, true)
#2 [internal function]: IC_EPC_Tracking->fatal()
#3 {main}
  thrown in /workspaces/finalexamux221/.wordpress/wp-content/plugins/ecommerce-product-catalog/includes/tracking.php on line 117
[23-Apr-2025 00:13:19 UTC] PHP Fatal error:  Out of memory (allocated 35651584) (tried to allocate 2097152 bytes) in /workspaces/finalexamux221/.wordpress/wp-content/plugins/ecommerce-product-catalog/templates/themes/theme-classic-list.php on line 22
[23-Apr-2025 00:13:19 UTC] PHP Fatal error:  Uncaught Error: Call to undefined function ic_products_count() in /workspaces/finalexamux221/.wordpress/wp-content/plugins/ecommerce-product-catalog/includes/tracking.php:117
Stack trace:
#0 /workspaces/finalexamux221/.wordpress/wp-content/plugins/ecommerce-product-catalog/includes/tracking.php(551): IC_EPC_Tracking->setup_data()
#1 /workspaces/finalexamux221/.wordpress/wp-content/plugins/ecommerce-product-catalog/includes/tracking.php(481): IC_EPC_Tracking->send_paused_checkin(Array, true)
#2 [internal function]: IC_EPC_Tracking->fatal()
#3 {main}
  thrown in /workspaces/finalexamux221/.wordpress/wp-content/plugins/ecommerce-product-catalog/includes/tracking.php on line 117
[23-Apr-2025 00:13:35 UTC] PHP Fatal error:  Out of memory (allocated 33554432) (tried to allocate 2097152 bytes) in /workspaces/finalexamux221/.wordpress/wp-content/plugins/ecommerce-product-catalog/templates/themes/theme-classic-grid.php on line 67
[23-Apr-2025 00:13:35 UTC] PHP Fatal error:  Uncaught Error: Call to undefined function ic_products_count() in /workspaces/finalexamux221/.wordpress/wp-content/plugins/ecommerce-product-catalog/includes/tracking.php:117
Stack trace:
#0 /workspaces/finalexamux221/.wordpress/wp-content/plugins/ecommerce-product-catalog/includes/tracking.php(551): IC_EPC_Tracking->setup_data()
#1 /workspaces/finalexamux221/.wordpress/wp-content/plugins/ecommerce-product-catalog/includes/tracking.php(481): IC_EPC_Tracking->send_paused_checkin(Array, true)
#2 [internal function]: IC_EPC_Tracking->fatal()
#3 {main}
  thrown in /workspaces/finalexamux221/.wordpress/wp-content/plugins/ecommerce-product-catalog/includes/tracking.php on line 117
